digraph Tree {
node [shape=box, style="filled, rounded", color="black", fontname=helvetica] ;
edge [fontname=helvetica] ;
0 [label=<number_project &le; 2.5<br/>samples = 100.0%<br/>value = [0.65, 0.35]<br/>class = stayed>, fillcolor="#e5813977"] ;
1 [label=<average_montly_hours &le; 161.5<br/>samples = 16.2%<br/>value = [0.4, 0.6]<br/>class = left>, fillcolor="#399de555"] ;
0 -> 1 [labeldistance=2.5, labelangle=45, headlabel="True"] ;
2 [label=<last_evaluation &le; 0.57<br/>samples = 12.1%<br/>value = [0.28, 0.72]<br/>class = left>, fillcolor="#399de59a"] ;
1 -> 2 ;
3 [label=<last_evaluation &le; 0.44<br/>samples = 11.1%<br/>value = [0.25, 0.75]<br/>class = left>, fillcolor="#399de5ac"] ;
2 -> 3 ;
4 [label="(...)", fillcolor="#C0C0C0"] ;
3 -> 4 ;
13 [label="(...)", fillcolor="#C0C0C0"] ;
3 -> 13 ;
358 [label=<time_spend_company &le; 3.5<br/>samples = 1.0%<br/>value = [0.69, 0.31]<br/>class = stayed>, fillcolor="#e581398e"] ;
2 -> 358 ;
359 [label="(...)", fillcolor="#C0C0C0"] ;
358 -> 359 ;
376 [label="(...)", fillcolor="#C0C0C0"] ;
358 -> 376 ;
389 [label=<last_evaluation &le; 0.99<br/>samples = 4.1%<br/>value = [0.75, 0.25]<br/>class = stayed>, fillcolor="#e58139a9"] ;
1 -> 389 ;
390 [label=<average_montly_hours &le; 173.5<br/>samples = 4.0%<br/>value = [0.76, 0.24]<br/>class = stayed>, fillcolor="#e58139af"] ;
389 -> 390 ;
391 [label="(...)", fillcolor="#C0C0C0"] ;
390 -> 391 ;
408 [label="(...)", fillcolor="#C0C0C0"] ;
390 -> 408 ;
507 [label=<average_montly_hours &le; 206.0<br/>samples = 0.1%<br/>value = [0.25, 0.75]<br/>class = left>, fillcolor="#399de5aa"] ;
389 -> 507 ;
508 [label="(...)", fillcolor="#C0C0C0"] ;
507 -> 508 ;
509 [label="(...)", fillcolor="#C0C0C0"] ;
507 -> 509 ;
510 [label=<time_spend_company &le; 3.5<br/>samples = 83.8%<br/>value = [0.7, 0.3]<br/>class = stayed>, fillcolor="#e5813992"] ;
0 -> 510 [labeldistance=2.5, labelangle=-45, headlabel="False"] ;
511 [label=<average_montly_hours &le; 289.0<br/>samples = 50.4%<br/>value = [0.8, 0.2]<br/>class = stayed>, fillcolor="#e58139c0"] ;
510 -> 511 ;
512 [label=<number_project &le; 6.5<br/>samples = 50.3%<br/>value = [0.81, 0.19]<br/>class = stayed>, fillcolor="#e58139c1"] ;
511 -> 512 ;
513 [label="(...)", fillcolor="#C0C0C0"] ;
512 -> 513 ;
2096 [label="(...)", fillcolor="#C0C0C0"] ;
512 -> 2096 ;
2097 [label=<last_evaluation &le; 0.89<br/>samples = 0.2%<br/>value = [0.08, 0.92]<br/>class = left>, fillcolor="#399de5e8"] ;
511 -> 2097 ;
2098 [label="(...)", fillcolor="#C0C0C0"] ;
2097 -> 2098 ;
2099 [label="(...)", fillcolor="#C0C0C0"] ;
2097 -> 2099 ;
2100 [label=<average_montly_hours &le; 218.5<br/>samples = 33.4%<br/>value = [0.55, 0.45]<br/>class = stayed>, fillcolor="#e581392d"] ;
510 -> 2100 ;
2101 [label=<last_evaluation &le; 0.53<br/>samples = 13.8%<br/>value = [0.76, 0.24]<br/>class = stayed>, fillcolor="#e58139af"] ;
2100 -> 2101 ;
2102 [label="(...)", fillcolor="#C0C0C0"] ;
2101 -> 2102 ;
2147 [label="(...)", fillcolor="#C0C0C0"] ;
2101 -> 2147 ;
2512 [label=<last_evaluation &le; 0.76<br/>samples = 19.6%<br/>value = [0.4, 0.6]<br/>class = left>, fillcolor="#399de557"] ;
2100 -> 2512 ;
2513 [label="(...)", fillcolor="#C0C0C0"] ;
2512 -> 2513 ;
2630 [label="(...)", fillcolor="#C0C0C0"] ;
2512 -> 2630 ;
}